[debug] [2023-11-18T15:26:29.838Z] ----------------------------------------------------------------------
[debug] [2023-11-18T15:26:29.839Z] Command:       C:\Program Files\nodejs\node.exe C:\Users\hp\AppData\Roaming\npm\node_modules\firebase-tools\lib\bin\firebase.js deploy
[debug] [2023-11-18T15:26:29.840Z] CLI Version:   12.4.7
[debug] [2023-11-18T15:26:29.840Z] Platform:      win32
[debug] [2023-11-18T15:26:29.840Z] Node Version:  v16.16.0
[debug] [2023-11-18T15:26:29.841Z] Time:          Sat Nov 18 2023 21:26:29 GMT+0600 (Bangladesh Standard Time)
[debug] [2023-11-18T15:26:29.841Z] ----------------------------------------------------------------------
[debug] 
[debug] [2023-11-18T15:26:29.899Z] > command requires scopes: ["email","openid","https://www.googleapis.com/auth/cloudplatformprojects.readonly","https://www.googleapis.com/auth/firebase","https://www.googleapis.com/auth/cloud-platform"]
[debug] [2023-11-18T15:26:29.900Z] > authorizing via signed-in user (ibnsifat@gmail.com)
[debug] [2023-11-18T15:26:29.900Z] [iam] checking project titan-front for permissions ["firebase.projects.get","firebasehosting.sites.update"]
[debug] [2023-11-18T15:26:29.901Z] > refreshing access token with scopes: []
[debug] [2023-11-18T15:26:29.902Z] >>> [apiv2][query] POST https://www.googleapis.com/oauth2/v3/token [none]
[debug] [2023-11-18T15:26:29.902Z] >>> [apiv2][body] POST https://www.googleapis.com/oauth2/v3/token [omitted]
[debug] [2023-11-18T15:26:30.233Z] <<< [apiv2][status] POST https://www.googleapis.com/oauth2/v3/token 200
[debug] [2023-11-18T15:26:30.233Z] <<< [apiv2][body] POST https://www.googleapis.com/oauth2/v3/token [omitted]
[debug] [2023-11-18T15:26:30.255Z] >>> [apiv2][query] POST https://cloudresourcemanager.googleapis.com/v1/projects/titan-front:testIamPermissions [none]
[debug] [2023-11-18T15:26:30.255Z] >>> [apiv2][(partial)header] POST https://cloudresourcemanager.googleapis.com/v1/projects/titan-front:testIamPermissions x-goog-quota-user=projects/titan-front
[debug] [2023-11-18T15:26:30.255Z] >>> [apiv2][body] POST https://cloudresourcemanager.googleapis.com/v1/projects/titan-front:testIamPermissions {"permissions":["firebase.projects.get","firebasehosting.sites.update"]}
[debug] [2023-11-18T15:26:31.535Z] <<< [apiv2][status] POST https://cloudresourcemanager.googleapis.com/v1/projects/titan-front:testIamPermissions 200
[debug] [2023-11-18T15:26:31.536Z] <<< [apiv2][body] POST https://cloudresourcemanager.googleapis.com/v1/projects/titan-front:testIamPermissions {"permissions":["firebase.projects.get","firebasehosting.sites.update"]}
[debug] [2023-11-18T15:26:31.538Z] >>> [apiv2][query] GET https://firebase.googleapis.com/v1beta1/projects/titan-front [none]
[debug] [2023-11-18T15:26:32.266Z] <<< [apiv2][status] GET https://firebase.googleapis.com/v1beta1/projects/titan-front 200
[debug] [2023-11-18T15:26:32.266Z] <<< [apiv2][body] GET https://firebase.googleapis.com/v1beta1/projects/titan-front {"projectId":"titan-front","projectNumber":"1090615121041","displayName":"titan-front","name":"projects/titan-front","resources":{"hostingSite":"titan-front"},"state":"ACTIVE","etag":"1_ad1303ee-2b5e-4b7f-b6dc-38fd4045e8f6"}
[info] 
[info] === Deploying to 'titan-front'...
[info] 
[info] i  deploying hosting 
[debug] [2023-11-18T15:26:32.275Z] >>> [apiv2][query] POST https://firebasehosting.googleapis.com/v1beta1/projects/-/sites/titan-front/versions [none]
[debug] [2023-11-18T15:26:32.275Z] >>> [apiv2][body] POST https://firebasehosting.googleapis.com/v1beta1/projects/-/sites/titan-front/versions {"status":"CREATED","labels":{"deployment-tool":"cli-firebase"}}
[debug] [2023-11-18T15:26:33.588Z] <<< [apiv2][status] POST https://firebasehosting.googleapis.com/v1beta1/projects/-/sites/titan-front/versions 200
[debug] [2023-11-18T15:26:33.588Z] <<< [apiv2][body] POST https://firebasehosting.googleapis.com/v1beta1/projects/-/sites/titan-front/versions {"name":"projects/1090615121041/sites/titan-front/versions/d9201afcd1ebd310","status":"CREATED","config":{},"labels":{"deployment-tool":"cli-firebase"}}
[info] i  hosting[titan-front]: beginning deploy... 
[info] i  hosting[titan-front]: found 33 files in build 
[debug] [2023-11-18T15:26:33.601Z] [hosting] uploading with 200 concurrency
[debug] [2023-11-18T15:26:33.835Z] [hosting] hash cache [YnVpbGQ] stored for 33 files
[debug] [2023-11-18T15:26:33.836Z] [hosting][hash queue][FINAL] {"max":227,"min":4,"avg":21.12121212121212,"active":0,"complete":33,"success":33,"errored":0,"retried":0,"total":33,"elapsed":232}
[debug] [2023-11-18T15:26:33.836Z] >>> [apiv2][query] POST https://firebasehosting.googleapis.com/v1beta1/projects/1090615121041/sites/titan-front/versions/d9201afcd1ebd310:populateFiles [none]
[debug] [2023-11-18T15:26:33.836Z] >>> [apiv2][body] POST https://firebasehosting.googleapis.com/v1beta1/projects/1090615121041/sites/titan-front/versions/d9201afcd1ebd310:populateFiles {"files":{"/favicon.ico":"3439daf75155fb81c8e11611b4c6bc457c51fa56fc8d0e65ea1806a8faf9584b","/logo192.png":"3ee59515172ee198f3be375979df15ac5345183e656720a381b8872b2a39dc8b","/logo512.png":"ee7e2f3fdb8209c4b6fd7bef6ba50d1b9dba30a25bb5c3126df057e1cb6f5331","/manifest.json":"5c997de1364b8be939319fa9209abd77f2caf7f8844999a9e2e9173f844e7840","/robots.txt":"b2090cf9761ef60aa06e4fab97679bd43dfa5e5df073701ead5879d7c68f1ec5","/asset-manifest.json":"4902a78e834dc7bf7e6b34e7498b118f4c4ed3fde1335df44dfb779ea97f43be","/static/css/main.5579fd3e.chunk.css":"d5b876019941cd2c49e40bf8feba91c4b181b864a667a3550663ed40886f51bc","/index.html":"8dcfc92d18a27069c43a2b4191b306ec5f829244f952a8303ce51388d83201e1","/static/js/2.a73f2810.chunk.js.LICENSE.txt":"68b16697969801057d3e0deb105ae8509867a6ae2629d732d8100d885b17e4c5","/static/css/main.5579fd3e.chunk.css.map":"949d3164f6e7f82f4be48b783ac5b3a07bb1b24ee82c46ebbc4be87988c3505a","/static/js/3.26d1c5e4.chunk.js":"42faee5e0a0a6219eff287b93ee1286a0aa9d84b6ebdfdae63ae0616e46b1e92","/static/js/runtime-main.7c057126.js":"abb8e9d56bf24ac097da47563d4eb96e3de29bcf42e2f4be2d8b85f4bbd51865","/static/js/3.26d1c5e4.chunk.js.map":"fe93c0f74a04bcb92cdb727988692b253f445b37a9e4a756adfa998b5a4fa343","/static/js/runtime-main.7c057126.js.map":"82a36b34378f80115795f1ce84453f1e3dc9013661b9bacd203ab6422d503042","/static/media/icons8-google.9a7800d0.svg":"77de1ffebe1809350cf97a387b526c86da8499ed438035bd745cc8b23a2f10eb","/static/media/enter.3dc9ebea.svg":"bc5eb81a0b6ba13cd8447ff9d8a6cd3c2ccecbf908bf48a6b27d769227fbc8df","/static/media/icons8-owl-64_1_.7850af0a.svg":"a65cc41a95de394f5f0a3db425d7f7704ede2035a19d6c8bb2a735698c7c2ecf","/static/media/images.ecbe9cc9.svg":"b720ca6eb001d38721c0b2c4ef10afd36afc18112dd38e6ddb01f56e46fcd8be","/static/media/login.6ae908d5.svg":"db77f8a75cbe639d8989d04d9aea085804541ad8d7eb373e8106a53342391d0d","/static/media/slick.2630a3e3.svg":"d00477d40ed40fa1dd3bdee27d9286804121b15fea83bae7d5415d902b055de0","/static/media/slick.29518378.woff":"029a727c9e1081d2f9e1015f02f18da88f268512ea4f58589a6f17f532928530","/static/media/slick.c94f7671.ttf":"6aad751007cf9a89350af287f824ab64f096c472c7c9c679fb3d55b6174fc004","/static/media/slick.a4e97f5a.eot":"52b9a169969e053d43df6bd21c4dc789c2518d99afd8590a17ef50cd24c77cf6","/static/media/voting.1a835be9.svg":"2f3e2ea9867558d63d5413a1ca1a29b4ca9ed07e1fc16866be356f71c136c34b","/static/media/carousel-1.7a6dfe9f.jpg":"0724ab65df2ca4dbad043fc1e1770fb12a3c8f896739cd6060d8eded0ad3c294","/static/media/HORSEBIT-LEATHER-W-MODEL_DPS-e1427482122685.5f0f8074.jpg":"355da951faaf926436409041f7d1a28afaa40b74bf1785c6839cf15e9c36589d","/static/js/main.02fea429.chunk.js":"ac993a603354136820092f56cd8522a4de6ba07e9de1d1c7db803f7c78c8e9f3","/static/css/2.0ed6f751.chunk.css":"75faed19c4d4fee085405f7cedc4f4fceb6d55029193d810556564673174769e","/static/media/pablita-695.dca5d6ad.png":"dc84b4ac190567db761588a74ae9f359b0476b2c59ffe85cc11ad8369a25e6c2","/static/js/main.02fea429.chunk.js.map":"f6addf64cc94b578def1d82d780cf212ee1481038375533d1a5ffe771e873825","/static/js/2.a73f2810.chunk.js":"48b17ebf5d6c6b1ed5ebec257513b0c6d30450a5c9635604ec27ac35aa25d750","/static/css/2.0ed6f751.chunk.css.map":"f0ed4eb9a2d1eae21d0bc2d4d7ca5d3e0cc5acf38def025fc5fa23e1ea28d24f","/static/js/2.a73f2810.chunk.js.map":"d6bdf3b128e28cfe4a4c470eb139686612dec853d5a7c316cf9ea9c573bb9dfc"}}
